Base path: C:/Program Files/Unity/Editor/Data
Pipe name: \\.\pipe\UnityShaderCompiler-64bit-1-7836
Cmd: getPlatforms
Cmd: compileSnippet
  api=4 type=0 insize=751 outsize=1420 kw=SHADOWS_CUBE ok=1
Cmd: compileSnippet
  api=4 type=1 insize=751 outsize=624 kw=SHADOWS_CUBE ok=1
Cmd: compileSnippet
  api=4 type=0 insize=982 outsize=5751 kw=DIRECTIONAL SHADOWS_SCREEN LIGHTMAP_OFF DIRLIGHTMAP_OFF DYNAMICLIGHTMAP_OFF VERTEXLIGHT_ON ok=1
Cmd: compileSnippet
  api=4 type=0 insize=938 outsize=4873 kw=POINT SHADOWS_CUBE ok=1
Cmd: compileSnippet
  api=4 type=1 insize=938 outsize=6644 kw=POINT SHADOWS_CUBE ok=1
Cmd: compileSnippet
  api=4 type=0 insize=1482 outsize=2038 kw=SOFTPARTICLES_ON ok=1
Cmd: compileSnippet
  api=4 type=1 insize=1482 outsize=1550 kw=SOFTPARTICLES_ON ok=1
Cmd: compileSnippet
  api=4 type=0 insize=1333 outsize=1404 kw= ok=1
Cmd: compileSnippet
  api=4 type=1 insize=1333 outsize=1168 kw= ok=1
Cmd: compileSnippet
  api=4 type=0 insize=1329 outsize=1404 kw= ok=1
Cmd: compileSnippet
  api=4 type=1 insize=1329 outsize=1168 kw= ok=1
Cmd: compileSnippet
  api=4 type=0 insize=1329 outsize=1404 kw= ok=1
Cmd: compileSnippet
  api=4 type=1 insize=1329 outsize=1168 kw= ok=1
Cmd: compileSnippet
  api=4 type=0 insize=1333 outsize=1404 kw= ok=1
Cmd: compileSnippet
  api=4 type=1 insize=1333 outsize=1168 kw= ok=1
Cmd: compileSnippet
  api=4 type=0 insize=1321 outsize=1404 kw= ok=1
Cmd: compileSnippet
  api=4 type=1 insize=1321 outsize=1168 kw= ok=1
Cmd: compileSnippet
  api=4 type=0 insize=1331 outsize=1404 kw= ok=1
Cmd: compileSnippet
  api=4 type=1 insize=1331 outsize=1168 kw= ok=1
Cmd: compileSnippet
  api=4 type=0 insize=982 outsize=5393 kw=DIRECTIONAL SHADOWS_OFF LIGHTMAP_OFF DIRLIGHTMAP_OFF DYNAMICLIGHTMAP_OFF VERTEXLIGHT_ON ok=1
Cmd: compileSnippet
  api=4 type=0 insize=938 outsize=4727 kw=POINT SHADOWS_OFF ok=1
Cmd: compileSnippet
  api=4 type=1 insize=938 outsize=5962 kw=POINT SHADOWS_OFF ok=1
